<?xml version="1.0" encoding="UTF-8"?>
<!-- Generated by org.testng.reporters.JUnitReportReporter -->
<testsuite skipped="0" hostname="USBLRSUVISHWA9" name="ApiValidation.CommentsValidations" tests="6" failures="0" timestamp="01 Jan 2020 18:25:36 GMT" time="19.509" errors="0">
  <testcase name="ValidateInvalidEmailFormat" time="0.002" classname="ApiValidation.CommentsValidations"/>
  <testcase name="ValidateHeaderAuthentication" time="0.001" classname="ApiValidation.CommentsValidations"/>
  <testcase name="ValidateEmailFormatforSamantha" time="19.502" classname="ApiValidation.CommentsValidations"/>
  <testcase name="ValidateContentType" time="0.004" classname="ApiValidation.CommentsValidations"/>
  <testcase name="ValidateHeaderexpiry" time="0.000" classname="ApiValidation.CommentsValidations"/>
  <testcase name="ValidateStatusCodeforPosts" time="0.000" classname="ApiValidation.CommentsValidations"/>
</testsuite> <!-- ApiValidation.CommentsValidations -->
