<?xml version="1.0" encoding="UTF-8"?>
<!-- Generated by org.testng.reporters.JUnitReportReporter -->
<testsuite skipped="0" hostname="USBLRSUVISHWA9" name="freenow.restapitesting.UserListValidations" tests="10" failures="0" timestamp="27 Dec 2019 18:55:36 GMT" time="7.000" errors="0">
  <testcase name="ValidateResponseBodyForSamanthaUser" time="0.497" classname="freenow.restapitesting.UserListValidations"/>
  <testcase name="ValidateJSONParsing" time="0.319" classname="freenow.restapitesting.UserListValidations"/>
  <testcase name="ValidateHeaderexpiry" time="0.357" classname="freenow.restapitesting.UserListValidations"/>
  <testcase name="ValidateSizeofList" time="0.337" classname="freenow.restapitesting.UserListValidations"/>
  <testcase name="ValidateContentofNestedJSON" time="0.929" classname="freenow.restapitesting.UserListValidations"/>
  <testcase name="ValidateHeaderAuthentication" time="0.332" classname="freenow.restapitesting.UserListValidations"/>
  <testcase name="ValidateIdforSamantha" time="0.585" classname="freenow.restapitesting.UserListValidations"/>
  <testcase name="ValidateUsersList" time="0.331" classname="freenow.restapitesting.UserListValidations"/>
  <testcase name="ValidateContentType" time="2.986" classname="freenow.restapitesting.UserListValidations"/>
  <testcase name="ValidateStatusCodeforListofUsers" time="0.327" classname="freenow.restapitesting.UserListValidations"/>
</testsuite> <!-- freenow.restapitesting.UserListValidations -->
