<?xml version="1.0" encoding="UTF-8"?>
<!-- Generated by org.testng.reporters.JUnitReportReporter -->
<testsuite skipped="0" hostname="USBLRSUVISHWA9" name="ApiValidation.PostsValidations" tests="9" failures="0" timestamp="01 Jan 2020 18:25:36 GMT" time="0.103" errors="0">
  <testcase name="ValidateContentType" time="0.000" classname="ApiValidation.PostsValidations"/>
  <testcase name="ValidateStatusCodeforPosts" time="0.001" classname="ApiValidation.PostsValidations"/>
  <testcase name="ValidateHeaderAuthentication" time="0.000" classname="ApiValidation.PostsValidations"/>
  <testcase name="ValidateSizeofList" time="0.001" classname="ApiValidation.PostsValidations"/>
  <testcase name="ValidateJSONParsing" time="0.001" classname="ApiValidation.PostsValidations"/>
  <testcase name="ValidateContentforUserID" time="0.001" classname="ApiValidation.PostsValidations"/>
  <testcase name="ValidateHeaderexpiry" time="0.000" classname="ApiValidation.PostsValidations"/>
  <testcase name="ValidateReponseStructureofPost" time="0.019" classname="ApiValidation.PostsValidations"/>
  <testcase name="ValidatepostIdforSamantha" time="0.080" classname="ApiValidation.PostsValidations"/>
</testsuite> <!-- ApiValidation.PostsValidations -->
