<?xml version="1.0" encoding="UTF-8"?>
<!-- Generated by org.testng.reporters.JUnitReportReporter -->
<testsuite skipped="0" hostname="USBLRSUVISHWA9" name="ApiValidation.UserListValidations" tests="9" failures="0" timestamp="01 Jan 2020 18:25:36 GMT" time="0.212" errors="0">
  <testcase name="ValidateStatusCodeforListofUsers" time="0.002" classname="ApiValidation.UserListValidations"/>
  <testcase name="ValidateIdforSamantha" time="0.001" classname="ApiValidation.UserListValidations"/>
  <testcase name="ValidateHeaderAuthentication" time="0.001" classname="ApiValidation.UserListValidations"/>
  <testcase name="ValidateContentofNestedJSON" time="0.041" classname="ApiValidation.UserListValidations"/>
  <testcase name="ValidateResponseBodyForSamanthaUser" time="0.136" classname="ApiValidation.UserListValidations"/>
  <testcase name="ValidateJSONParsing" time="0.000" classname="ApiValidation.UserListValidations"/>
  <testcase name="ValidateContentType" time="0.027" classname="ApiValidation.UserListValidations"/>
  <testcase name="ValidateHeaderexpiry" time="0.002" classname="ApiValidation.UserListValidations"/>
  <testcase name="ValidateSizeofList" time="0.002" classname="ApiValidation.UserListValidations"/>
</testsuite> <!-- ApiValidation.UserListValidations -->
