<?xml version="1.0" encoding="UTF-8"?>
<!-- Generated by org.testng.reporters.JUnitReportReporter -->
<testsuite skipped="0" hostname="USBLRSUVISHWA9" name="freenow.restapitesting.AppTest" tests="1" failures="0" timestamp="27 Dec 2019 16:10:54 GMT" time="3.984" errors="0">
  <testcase name="UserLists" time="3.984" classname="freenow.restapitesting.AppTest"/>
</testsuite> <!-- freenow.restapitesting.AppTest -->
